<html>
<head>
<title>TestNG:  Parameters Test</title>
<link href="../testng.css" rel="stylesheet" type="text/css" />
<link href="../my-testng.css" rel="stylesheet" type="text/css" />

<style type="text/css">
.log { display: none;} 
.stack-trace { display: none;} 
</style>
<script type="text/javascript">
<!--
function flip(e) {
  current = e.style.display;
  if (current == 'block') {
    e.style.display = 'none';
    return 0;
  }
  else {
    e.style.display = 'block';
    return 1;
  }
}

function toggleBox(szDivId, elem, msg1, msg2)
{
  var res = -1;  if (document.getElementById) {
    res = flip(document.getElementById(szDivId));
  }
  else if (document.all) {
    // this is the way old msie versions work
    res = flip(document.all[szDivId]);
  }
  if(elem) {
    if(res == 0) elem.innerHTML = msg1; else elem.innerHTML = msg2;
  }

}

function toggleAllBoxes() {
  if (document.getElementsByTagName) {
    d = document.getElementsByTagName('div');
    for (i = 0; i < d.length; i++) {
      if (d[i].className == 'log') {
        flip(d[i]);
      }
    }
  }
}

// -->
</script>

</head>
<body>
<h2 align='center'>Parameters Test</h2><table border='1' align="center">
<tr>
<td>Tests passed/Failed/Skipped:</td><td>6/0/1</td>
</tr><tr>
<td>Started on:</td><td>Sat Dec 14 02:02:56 IST 2024</td>
</tr>
<tr><td>Total time:</td><td>0 seconds (91 ms)</td>
</tr><tr>
<td>Included groups:</td><td></td>
</tr><tr>
<td>Excluded groups:</td><td></td>
</tr>
</table><p/>
<small><i>(Hover the method name to see the test class name)</i></small><p/>
<table width='100%' border='1' class='invocation-percent'>
<tr><td colspan='4' align='center'><b>FAILED TESTS BUT WITHIN SUCCESS PERCENTAGE</b></td></tr>
<tr><td><b>Test method</b></td>
<td><b>Attribute(s)</b></td>
<td width="30%"><b>Exception</b></td>
<td width="10%"><b>Time (seconds)</b></td>
<td><b>Instance</b></td>
</tr>
<tr>
<td title='completeTestNG_Tutorial_1.Listener_TestClass_10.test3()'><b>test3</b><br>Test class: completeTestNG_Tutorial_1.Listener_TestClass_10<br/>
<a href="#Output-2017797638" onClick='toggleBox("Output-2017797638", this, "Show output", "Hide output");'>Show output</a>

<a href="#Output-2017797638" onClick="toggleAllBoxes();">Show all outputs</a>
<div class='log' id="Output-2017797638">
starting test is : test3<br/>
Test is passed based on percentage: test3<br/>
</div>
</td>
<td><div><pre>java.lang.AssertionError: expected [8] but found [1]
	at completeTestNG_Tutorial_1.Listener_TestClass_10.test3(Listener_TestClass_10.java:30)
	at java.base/java.util.ArrayList.forEach(ArrayList.java:1511)
... Removed 34 stack frames</pre></div><a href='#' onClick='toggleBox("stack-trace2017797638", this, "Click to show all stack frames", "Click to hide stack frames")'>Click to show all stack frames</a>
<div class='stack-trace' id='stack-trace2017797638'><pre>java.lang.AssertionError: expected [8] but found [1]
	at org.testng.Assert.fail(Assert.java:111)
	at org.testng.Assert.failNotEquals(Assert.java:1578)
	at org.testng.Assert.assertEqualsImpl(Assert.java:150)
	at org.testng.Assert.assertEquals(Assert.java:132)
	at org.testng.Assert.assertEquals(Assert.java:1419)
	at org.testng.Assert.assertEquals(Assert.java:1383)
	at org.testng.Assert.assertEquals(Assert.java:1429)
	at completeTestNG_Tutorial_1.Listener_TestClass_10.test3(Listener_TestClass_10.java:30)
	at java.base/jdk.internal.reflect.NativeMethodAccessorImpl.invoke0(Native Method)
	at java.base/jdk.internal.reflect.NativeMethodAccessorImpl.invoke(NativeMethodAccessorImpl.java:62)
	at java.base/jdk.internal.reflect.DelegatingMethodAccessorImpl.invoke(DelegatingMethodAccessorImpl.java:43)
	at java.base/java.lang.reflect.Method.invoke(Method.java:564)
	at org.testng.internal.invokers.MethodInvocationHelper.invokeMethod(MethodInvocationHelper.java:141)
	at org.testng.internal.invokers.TestInvoker.invokeMethod(TestInvoker.java:686)
	at org.testng.internal.invokers.TestInvoker.invokeTestMethod(TestInvoker.java:230)
	at org.testng.internal.invokers.MethodRunner.runInSequence(MethodRunner.java:63)
	at org.testng.internal.invokers.TestInvoker$MethodInvocationAgent.invoke(TestInvoker.java:992)
	at org.testng.internal.invokers.TestInvoker.invokeTestMethods(TestInvoker.java:203)
	at org.testng.internal.invokers.TestMethodWorker.invokeTestMethods(TestMethodWorker.java:154)
	at org.testng.internal.invokers.TestMethodWorker.run(TestMethodWorker.java:134)
	at java.base/java.util.ArrayList.forEach(ArrayList.java:1511)
	at org.testng.TestRunner.privateRun(TestRunner.java:739)
	at org.testng.TestRunner.run(TestRunner.java:614)
	at org.testng.SuiteRunner.runTest(SuiteRunner.java:421)
	at org.testng.SuiteRunner.runSequentially(SuiteRunner.java:413)
	at org.testng.SuiteRunner.privateRun(SuiteRunner.java:373)
	at org.testng.SuiteRunner.run(SuiteRunner.java:312)
	at org.testng.SuiteRunnerWorker.runSuite(SuiteRunnerWorker.java:52)
	at org.testng.SuiteRunnerWorker.run(SuiteRunnerWorker.java:95)
	at org.testng.TestNG.runSuitesSequentially(TestNG.java:1274)
	at org.testng.TestNG.runSuitesLocally(TestNG.java:1208)
	at org.testng.TestNG.runSuites(TestNG.java:1112)
	at org.testng.TestNG.run(TestNG.java:1079)
	at org.testng.remote.AbstractRemoteTestNG.run(AbstractRemoteTestNG.java:115)
	at org.testng.remote.RemoteTestNG.initAndRun(RemoteTestNG.java:293)
	at org.testng.remote.RemoteTestNG.main(RemoteTestNG.java:91)
</pre></div></td>
<td>0</td>
<td>completeTestNG_Tutorial_1.Listener_TestClass_10@a38c7fe</td></tr>
<tr>
<td title='completeTestNG_Tutorial_1.Listener_TestClass_10.test3()'><b>test3</b><br>Test class: completeTestNG_Tutorial_1.Listener_TestClass_10<br/>
<a href="#Output-1150058854" onClick='toggleBox("Output-1150058854", this, "Show output", "Hide output");'>Show output</a>

<a href="#Output-1150058854" onClick="toggleAllBoxes();">Show all outputs</a>
<div class='log' id="Output-1150058854">
starting test is : test3<br/>
Test is passed based on percentage: test3<br/>
</div>
</td>
<td><div><pre>java.lang.AssertionError: expected [8] but found [2]
	at completeTestNG_Tutorial_1.Listener_TestClass_10.test3(Listener_TestClass_10.java:30)
	at java.base/java.util.ArrayList.forEach(ArrayList.java:1511)
... Removed 34 stack frames</pre></div><a href='#' onClick='toggleBox("stack-trace1150058854", this, "Click to show all stack frames", "Click to hide stack frames")'>Click to show all stack frames</a>
<div class='stack-trace' id='stack-trace1150058854'><pre>java.lang.AssertionError: expected [8] but found [2]
	at org.testng.Assert.fail(Assert.java:111)
	at org.testng.Assert.failNotEquals(Assert.java:1578)
	at org.testng.Assert.assertEqualsImpl(Assert.java:150)
	at org.testng.Assert.assertEquals(Assert.java:132)
	at org.testng.Assert.assertEquals(Assert.java:1419)
	at org.testng.Assert.assertEquals(Assert.java:1383)
	at org.testng.Assert.assertEquals(Assert.java:1429)
	at completeTestNG_Tutorial_1.Listener_TestClass_10.test3(Listener_TestClass_10.java:30)
	at java.base/jdk.internal.reflect.NativeMethodAccessorImpl.invoke0(Native Method)
	at java.base/jdk.internal.reflect.NativeMethodAccessorImpl.invoke(NativeMethodAccessorImpl.java:62)
	at java.base/jdk.internal.reflect.DelegatingMethodAccessorImpl.invoke(DelegatingMethodAccessorImpl.java:43)
	at java.base/java.lang.reflect.Method.invoke(Method.java:564)
	at org.testng.internal.invokers.MethodInvocationHelper.invokeMethod(MethodInvocationHelper.java:141)
	at org.testng.internal.invokers.TestInvoker.invokeMethod(TestInvoker.java:686)
	at org.testng.internal.invokers.TestInvoker.invokeTestMethod(TestInvoker.java:230)
	at org.testng.internal.invokers.MethodRunner.runInSequence(MethodRunner.java:63)
	at org.testng.internal.invokers.TestInvoker$MethodInvocationAgent.invoke(TestInvoker.java:992)
	at org.testng.internal.invokers.TestInvoker.invokeTestMethods(TestInvoker.java:203)
	at org.testng.internal.invokers.TestMethodWorker.invokeTestMethods(TestMethodWorker.java:154)
	at org.testng.internal.invokers.TestMethodWorker.run(TestMethodWorker.java:134)
	at java.base/java.util.ArrayList.forEach(ArrayList.java:1511)
	at org.testng.TestRunner.privateRun(TestRunner.java:739)
	at org.testng.TestRunner.run(TestRunner.java:614)
	at org.testng.SuiteRunner.runTest(SuiteRunner.java:421)
	at org.testng.SuiteRunner.runSequentially(SuiteRunner.java:413)
	at org.testng.SuiteRunner.privateRun(SuiteRunner.java:373)
	at org.testng.SuiteRunner.run(SuiteRunner.java:312)
	at org.testng.SuiteRunnerWorker.runSuite(SuiteRunnerWorker.java:52)
	at org.testng.SuiteRunnerWorker.run(SuiteRunnerWorker.java:95)
	at org.testng.TestNG.runSuitesSequentially(TestNG.java:1274)
	at org.testng.TestNG.runSuitesLocally(TestNG.java:1208)
	at org.testng.TestNG.runSuites(TestNG.java:1112)
	at org.testng.TestNG.run(TestNG.java:1079)
	at org.testng.remote.AbstractRemoteTestNG.run(AbstractRemoteTestNG.java:115)
	at org.testng.remote.RemoteTestNG.initAndRun(RemoteTestNG.java:293)
	at org.testng.remote.RemoteTestNG.main(RemoteTestNG.java:91)
</pre></div></td>
<td>0</td>
<td>completeTestNG_Tutorial_1.Listener_TestClass_10@a38c7fe</td></tr>
</table><p>
<table width='100%' border='1' class='invocation-passed'>
<tr><td colspan='4' align='center'><b>PASSED TESTS</b></td></tr>
<tr><td><b>Test method</b></td>
<td><b>Attribute(s)</b></td>
<td width="30%"><b>Exception</b></td>
<td width="10%"><b>Time (seconds)</b></td>
<td><b>Instance</b></td>
</tr>
<tr>
<td title='completeTestNG_Tutorial_1.Listener_TestClass_10.test1()'><b>test1</b><br>Test class: completeTestNG_Tutorial_1.Listener_TestClass_10<br/>
<a href="#Output-925973605" onClick='toggleBox("Output-925973605", this, "Show output", "Hide output");'>Show output</a>

<a href="#Output-925973605" onClick="toggleAllBoxes();">Show all outputs</a>
<div class='log' id="Output-925973605">
starting test is : test1<br/>
Test passed : test1<br/>
</div>
</td>
<td></td>
<td>0</td>
<td>completeTestNG_Tutorial_1.Listener_TestClass_10@a38c7fe</td></tr>
<tr>
<td title='completeTestNG_Tutorial_1.Listener_TestClass_10.test3()'><b>test3</b><br>Test class: completeTestNG_Tutorial_1.Listener_TestClass_10<br/>
<a href="#Output-1148255190" onClick='toggleBox("Output-1148255190", this, "Show output", "Hide output");'>Show output</a>

<a href="#Output-1148255190" onClick="toggleAllBoxes();">Show all outputs</a>
<div class='log' id="Output-1148255190">
starting test is : test3<br/>
Test passed : test3<br/>
</div>
</td>
<td></td>
<td>0</td>
<td>completeTestNG_Tutorial_1.Listener_TestClass_10@a38c7fe</td></tr>
<tr>
<td title='completeTestNG_Tutorial_1.Listener_TestClass_10.test3()'><b>test3</b><br>Test class: completeTestNG_Tutorial_1.Listener_TestClass_10<br/>
<a href="#Output-324169305" onClick='toggleBox("Output-324169305", this, "Show output", "Hide output");'>Show output</a>

<a href="#Output-324169305" onClick="toggleAllBoxes();">Show all outputs</a>
<div class='log' id="Output-324169305">
starting test is : test3<br/>
Test passed : test3<br/>
</div>
</td>
<td></td>
<td>0</td>
<td>completeTestNG_Tutorial_1.Listener_TestClass_10@a38c7fe</td></tr>
<tr>
<td title='completeTestNG_Tutorial_1.Listener_TestClass_10.test3()'><b>test3</b><br>Test class: completeTestNG_Tutorial_1.Listener_TestClass_10<br/>
<a href="#Output-366252104" onClick='toggleBox("Output-366252104", this, "Show output", "Hide output");'>Show output</a>

<a href="#Output-366252104" onClick="toggleAllBoxes();">Show all outputs</a>
<div class='log' id="Output-366252104">
starting test is : test3<br/>
Test passed : test3<br/>
</div>
</td>
<td></td>
<td>0</td>
<td>completeTestNG_Tutorial_1.Listener_TestClass_10@a38c7fe</td></tr>
</table><p>
<table width='100%' border='1' class='invocation-skipped'>
<tr><td colspan='4' align='center'><b>SKIPPED TESTS</b></td></tr>
<tr><td><b>Test method</b></td>
<td><b>Attribute(s)</b></td>
<td width="30%"><b>Exception</b></td>
<td width="10%"><b>Time (seconds)</b></td>
<td><b>Instance</b></td>
</tr>
<tr>
<td title='completeTestNG_Tutorial_1.Listener_TestClass_10.test2()'><b>test2</b><br>Test class: completeTestNG_Tutorial_1.Listener_TestClass_10<br/>
<a href="#Output-596910004" onClick='toggleBox("Output-596910004", this, "Show output", "Hide output");'>Show output</a>

<a href="#Output-596910004" onClick="toggleAllBoxes();">Show all outputs</a>
<div class='log' id="Output-596910004">
starting test is : test2<br/>
Test skipped : test2<br/>
</div>
</td>
<td><div><pre>org.testng.SkipException: I am skipping the test
	at completeTestNG_Tutorial_1.Listener_TestClass_10.test2(Listener_TestClass_10.java:20)
	at java.base/java.util.ArrayList.forEach(ArrayList.java:1511)
... Removed 27 stack frames</pre></div><a href='#' onClick='toggleBox("stack-trace596910004", this, "Click to show all stack frames", "Click to hide stack frames")'>Click to show all stack frames</a>
<div class='stack-trace' id='stack-trace596910004'><pre>org.testng.SkipException: I am skipping the test
	at completeTestNG_Tutorial_1.Listener_TestClass_10.test2(Listener_TestClass_10.java:20)
	at java.base/jdk.internal.reflect.NativeMethodAccessorImpl.invoke0(Native Method)
	at java.base/jdk.internal.reflect.NativeMethodAccessorImpl.invoke(NativeMethodAccessorImpl.java:62)
	at java.base/jdk.internal.reflect.DelegatingMethodAccessorImpl.invoke(DelegatingMethodAccessorImpl.java:43)
	at java.base/java.lang.reflect.Method.invoke(Method.java:564)
	at org.testng.internal.invokers.MethodInvocationHelper.invokeMethod(MethodInvocationHelper.java:141)
	at org.testng.internal.invokers.TestInvoker.invokeMethod(TestInvoker.java:686)
	at org.testng.internal.invokers.TestInvoker.invokeTestMethod(TestInvoker.java:230)
	at org.testng.internal.invokers.MethodRunner.runInSequence(MethodRunner.java:63)
	at org.testng.internal.invokers.TestInvoker$MethodInvocationAgent.invoke(TestInvoker.java:992)
	at org.testng.internal.invokers.TestInvoker.invokeTestMethods(TestInvoker.java:203)
	at org.testng.internal.invokers.TestMethodWorker.invokeTestMethods(TestMethodWorker.java:154)
	at org.testng.internal.invokers.TestMethodWorker.run(TestMethodWorker.java:134)
	at java.base/java.util.ArrayList.forEach(ArrayList.java:1511)
	at org.testng.TestRunner.privateRun(TestRunner.java:739)
	at org.testng.TestRunner.run(TestRunner.java:614)
	at org.testng.SuiteRunner.runTest(SuiteRunner.java:421)
	at org.testng.SuiteRunner.runSequentially(SuiteRunner.java:413)
	at org.testng.SuiteRunner.privateRun(SuiteRunner.java:373)
	at org.testng.SuiteRunner.run(SuiteRunner.java:312)
	at org.testng.SuiteRunnerWorker.runSuite(SuiteRunnerWorker.java:52)
	at org.testng.SuiteRunnerWorker.run(SuiteRunnerWorker.java:95)
	at org.testng.TestNG.runSuitesSequentially(TestNG.java:1274)
	at org.testng.TestNG.runSuitesLocally(TestNG.java:1208)
	at org.testng.TestNG.runSuites(TestNG.java:1112)
	at org.testng.TestNG.run(TestNG.java:1079)
	at org.testng.remote.AbstractRemoteTestNG.run(AbstractRemoteTestNG.java:115)
	at org.testng.remote.RemoteTestNG.initAndRun(RemoteTestNG.java:293)
	at org.testng.remote.RemoteTestNG.main(RemoteTestNG.java:91)
</pre></div></td>
<td>0</td>
<td>completeTestNG_Tutorial_1.Listener_TestClass_10@a38c7fe</td></tr>
</table><p>
</body>
</html>